TN:
SF:E:\Kuliah\Kuliah\Tugas Kuliah\Merdeka Belajar\Studi Independen\vue-quality-control\src\utils\operation.js
FN:1,(anonymous_0)
FN:5,(anonymous_1)
FN:9,(anonymous_2)
FN:13,(anonymous_3)
FN:17,(anonymous_4)
FN:21,(anonymous_5)
FN:25,(anonymous_6)
FN:29,(anonymous_7)
FN:33,(anonymous_8)
FN:37,(anonymous_9)
FNF:10
FNH:10
FNDA:3,(anonymous_0)
FNDA:3,(anonymous_1)
FNDA:3,(anonymous_2)
FNDA:3,(anonymous_3)
FNDA:3,(anonymous_4)
FNDA:3,(anonymous_5)
FNDA:3,(anonymous_6)
FNDA:3,(anonymous_7)
FNDA:3,(anonymous_8)
FNDA:3,(anonymous_9)
DA:1,1
DA:2,3
DA:5,1
DA:6,3
DA:9,1
DA:10,3
DA:13,1
DA:14,3
DA:17,1
DA:18,3
DA:21,1
DA:22,3
DA:25,1
DA:26,3
DA:29,1
DA:30,3
DA:33,1
DA:34,3
DA:37,1
DA:38,3
LF:20
LH:20
BRF:0
BRH:0
end_of_record
